# JRE version: Java(TM) SE Runtime Environment (8.0_221-b11) (build 1.8.0_221-b11)
# Java VM: Java HotSpot(TM) 64-Bit Server VM (25.221-b11 mixed mode windows-amd64 compressed oops)
Heap:
 PSYoungGen      total 150016K, used 30877K [0x00000000f5580000, 0x0000000100000000, 0x0000000100000000)
  eden space 135680K, 22% used [0x00000000f5580000,0x00000000f73a75a8,0x00000000fda00000)
  from space 14336K, 0% used [0x00000000ff200000,0x00000000ff200000,0x0000000100000000)
  to   space 19456K, 0% used [0x00000000fda00000,0x00000000fda00000,0x00000000fed00000)
 ParOldGen       total 189952K, used 31051K [0x00000000e0000000, 0x00000000eb980000, 0x00000000f5580000)
  object space 189952K, 16% used [0x00000000e0000000,0x00000000e1e52c60,0x00000000eb980000)
 Metaspace       used 59244K, capacity 60952K, committed 61184K, reserved 1101824K
  class space    used 8185K, capacity 8640K, committed 8704K, reserved 1048576K
GC Heap History (10 events):
Event: 7.656 GC heap before
{Heap before GC invocations=9 (full 2):
 PSYoungGen      total 112128K, used 8500K [0x00000000f5580000, 0x0000000100000000, 0x0000000100000000)
  eden space 98816K, 0% used [0x00000000f5580000,0x00000000f5580000,0x00000000fb600000)
  from space 13312K, 63% used [0x00000000fb600000,0x00000000fbe4d260,0x00000000fc300000)
  to   space 13312K, 0% used [0x00000000ff300000,0x00000000ff300000,0x0000000100000000)
 ParOldGen       total 175104K, used 10978K [0x00000000e0000000, 0x00000000eab00000, 0x00000000f5580000)
  object space 175104K, 6% used [0x00000000e0000000,0x00000000e0ab8ad8,0x00000000eab00000)
 Metaspace       used 34602K, capacity 35396K, committed 35416K, reserved 1079296K
  class space    used 4873K, capacity 5108K, committed 5120K, reserved 1048576K
Event: 7.694 GC heap after
Heap after GC invocations=9 (full 2):
 PSYoungGen      total 112128K, used 0K [0x00000000f5580000, 0x0000000100000000, 0x0000000100000000)
  eden space 98816K, 0% used [0x00000000f5580000,0x00000000f5580000,0x00000000fb600000)
  from space 13312K, 0% used [0x00000000fb600000,0x00000000fb600000,0x00000000fc300000)
  to   space 13312K, 0% used [0x00000000ff300000,0x00000000ff300000,0x0000000100000000)
 ParOldGen       total 175104K, used 15970K [0x00000000e0000000, 0x00000000eab00000, 0x00000000f5580000)
  object space 175104K, 9% used [0x00000000e0000000,0x00000000e0f988e8,0x00000000eab00000)
 Metaspace       used 34579K, capacity 35324K, committed 35416K, reserved 1079296K
  class space    used 4866K, capacity 5096K, committed 5120K, reserved 1048576K
}
Event: 8.854 GC heap before
{Heap before GC invocations=10 (full 2):
 PSYoungGen      total 112128K, used 98816K [0x00000000f5580000, 0x0000000100000000, 0x0000000100000000)
  eden space 98816K, 100% used [0x00000000f5580000,0x00000000fb600000,0x00000000fb600000)
  from space 13312K, 0% used [0x00000000fb600000,0x00000000fb600000,0x00000000fc300000)
  to   space 13312K, 0% used [0x00000000ff300000,0x00000000ff300000,0x0000000100000000)
 ParOldGen       total 175104K, used 15970K [0x00000000e0000000, 0x00000000eab00000, 0x00000000f5580000)
  object space 175104K, 9% used [0x00000000e0000000,0x00000000e0f988e8,0x00000000eab00000)
 Metaspace       used 44427K, capacity 45572K, committed 45696K, reserved 1089536K
  class space    used 6140K, capacity 6486K, committed 6528K, reserved 1048576K
Event: 8.864 GC heap after
Heap after GC invocations=10 (full 2):
 PSYoungGen      total 159232K, used 13292K [0x00000000f5580000, 0x0000000100000000, 0x0000000100000000)
  eden space 145920K, 0% used [0x00000000f5580000,0x00000000f5580000,0x00000000fe400000)
  from space 13312K, 99% used [0x00000000ff300000,0x00000000ffffb368,0x0000000100000000)
  to   space 14336K, 0% used [0x00000000fe400000,0x00000000fe400000,0x00000000ff200000)
 ParOldGen       total 175104K, used 16316K [0x00000000e0000000, 0x00000000eab00000, 0x00000000f5580000)
  object space 175104K, 9% used [0x00000000e0000000,0x00000000e0fef028,0x00000000eab00000)
 Metaspace       used 44427K, capacity 45572K, committed 45696K, reserved 1089536K
  class space    used 6140K, capacity 6486K, committed 6528K, reserved 1048576K
}
Event: 12.549 GC heap before
{Heap before GC invocations=11 (full 2):
 PSYoungGen      total 159232K, used 159212K [0x00000000f5580000, 0x0000000100000000, 0x0000000100000000)
  eden space 145920K, 100% used [0x00000000f5580000,0x00000000fe400000,0x00000000fe400000)
  from space 13312K, 99% used [0x00000000ff300000,0x00000000ffffb368,0x0000000100000000)
  to   space 14336K, 0% used [0x00000000fe400000,0x00000000fe400000,0x00000000ff200000)
 ParOldGen       total 175104K, used 16316K [0x00000000e0000000, 0x00000000eab00000, 0x00000000f5580000)
  object space 175104K, 9% used [0x00000000e0000000,0x00000000e0fef028,0x00000000eab00000)
 Metaspace       used 55673K, capacity 57296K, committed 57344K, reserved 1097728K
  class space    used 7666K, capacity 8148K, committed 8192K, reserved 1048576K
Event: 12.561 GC heap after
Heap after GC invocations=11 (full 2):
 PSYoungGen      total 160256K, used 14309K [0x00000000f5580000, 0x0000000100000000, 0x0000000100000000)
  eden space 145920K, 0% used [0x00000000f5580000,0x00000000f5580000,0x00000000fe400000)
  from space 14336K, 99% used [0x00000000fe400000,0x00000000ff1f9448,0x00000000ff200000)
  to   space 14336K, 0% used [0x00000000ff200000,0x00000000ff200000,0x0000000100000000)
 ParOldGen       total 175104K, used 22572K [0x00000000e0000000, 0x00000000eab00000, 0x00000000f5580000)
  object space 175104K, 12% used [0x00000000e0000000,0x00000000e160b120,0x00000000eab00000)
 Metaspace       used 55673K, capacity 57296K, committed 57344K, reserved 1097728K
  class space    used 7666K, capacity 8148K, committed 8192K, reserved 1048576K
}
Event: 12.714 GC heap before
{Heap before GC invocations=12 (full 2):
 PSYoungGen      total 160256K, used 45656K [0x00000000f5580000, 0x0000000100000000, 0x0000000100000000)
  eden space 145920K, 21% used [0x00000000f5580000,0x00000000f741cc50,0x00000000fe400000)
  from space 14336K, 99% used [0x00000000fe400000,0x00000000ff1f9448,0x00000000ff200000)
  to   space 14336K, 0% used [0x00000000ff200000,0x00000000ff200000,0x0000000100000000)
 ParOldGen       total 175104K, used 22572K [0x00000000e0000000, 0x00000000eab00000, 0x00000000f5580000)
  object space 175104K, 12% used [0x00000000e0000000,0x00000000e160b120,0x00000000eab00000)
 Metaspace       used 57313K, capacity 58928K, committed 59028K, reserved 1099776K
  class space    used 7884K, capacity 8372K, committed 8448K, reserved 1048576K
Event: 12.722 GC heap after
Heap after GC invocations=12 (full 2):
 PSYoungGen      total 150016K, used 14321K [0x00000000f5580000, 0x0000000100000000, 0x0000000100000000)
  eden space 135680K, 0% used [0x00000000f5580000,0x00000000f5580000,0x00000000fda00000)
  from space 14336K, 99% used [0x00000000ff200000,0x00000000ffffc5e0,0x0000000100000000)
  to   space 19456K, 0% used [0x00000000fda00000,0x00000000fda00000,0x00000000fed00000)
 ParOldGen       total 175104K, used 24552K [0x00000000e0000000, 0x00000000eab00000, 0x00000000f5580000)
  object space 175104K, 14% used [0x00000000e0000000,0x00000000e17fa378,0x00000000eab00000)
 Metaspace       used 57313K, capacity 58928K, committed 59028K, reserved 1099776K
  class space    used 7884K, capacity 8372K, committed 8448K, reserved 1048576K
}
Event: 12.722 GC heap before
{Heap before GC invocations=13 (full 3):
 PSYoungGen      total 150016K, used 14321K [0x00000000f5580000, 0x0000000100000000, 0x0000000100000000)
  eden space 135680K, 0% used [0x00000000f5580000,0x00000000f5580000,0x00000000fda00000)
  from space 14336K, 99% used [0x00000000ff200000,0x00000000ffffc5e0,0x0000000100000000)
  to   space 19456K, 0% used [0x00000000fda00000,0x00000000fda00000,0x00000000fed00000)
 ParOldGen       total 175104K, used 24552K [0x00000000e0000000, 0x00000000eab00000, 0x00000000f5580000)
  object space 175104K, 14% used [0x00000000e0000000,0x00000000e17fa378,0x00000000eab00000)
 Metaspace       used 57313K, capacity 58928K, committed 59028K, reserved 1099776K
  class space    used 7884K, capacity 8372K, committed 8448K, reserved 1048576K
Event: 12.850 GC heap after
Heap after GC invocations=13 (full 3):
 PSYoungGen      total 150016K, used 0K [0x00000000f5580000, 0x0000000100000000, 0x0000000100000000)
  eden space 135680K, 0% used [0x00000000f5580000,0x00000000f5580000,0x00000000fda00000)
  from space 14336K, 0% used [0x00000000ff200000,0x00000000ff200000,0x0000000100000000)
  to   space 19456K, 0% used [0x00000000fda00000,0x00000000fda00000,0x00000000fed00000)
 ParOldGen       total 189952K, used 31051K [0x00000000e0000000, 0x00000000eb980000, 0x00000000f5580000)
  object space 189952K, 16% used [0x00000000e0000000,0x00000000e1e52c60,0x00000000eb980000)
 Metaspace       used 57313K, capacity 58928K, committed 59028K, reserved 1099776K
  class space    used 7884K, capacity 8372K, committed 8448K, reserved 1048576K
}

